# JRE version: OpenJDK Runtime Environment (11.0.4+10) (build 11.0.4+10-b304.69)
# Java VM: OpenJDK 64-Bit Server VM (11.0.4+10-b304.69, mixed mode, tiered, compressed oops, g1 gc, bsd-amd64)
Heap:
 garbage-first heap   total 157696K, used 52862K [0x0000000780000000, 0x0000000800000000)
  region size 1024K, 6 young (6144K), 1 survivors (1024K)
 Metaspace       used 21439K, capacity 22094K, committed 22524K, reserved 1069056K
  class space    used 2454K, capacity 2733K, committed 2864K, reserved 1048576K
GC Heap History (10 events):
Event: 8.997 GC heap before
{Heap before GC invocations=19 (full 0):
 garbage-first heap   total 157696K, used 136699K [0x0000000780000000, 0x0000000800000000)
  region size 1024K, 89 young (91136K), 1 survivors (1024K)
 Metaspace       used 20063K, capacity 20626K, committed 20736K, reserved 1067008K
  class space    used 2271K, capacity 2510K, committed 2560K, reserved 1048576K
}
Event: 8.998 GC heap after
{Heap after GC invocations=20 (full 0):
 garbage-first heap   total 157696K, used 46579K [0x0000000780000000, 0x0000000800000000)
  region size 1024K, 1 young (1024K), 1 survivors (1024K)
 Metaspace       used 20063K, capacity 20626K, committed 20736K, reserved 1067008K
  class space    used 2271K, capacity 2510K, committed 2560K, reserved 1048576K
}
Event: 9.342 GC heap before
{Heap before GC invocations=20 (full 0):
 garbage-first heap   total 157696K, used 136691K [0x0000000780000000, 0x0000000800000000)
  region size 1024K, 89 young (91136K), 1 survivors (1024K)
 Metaspace       used 20063K, capacity 20626K, committed 20736K, reserved 1067008K
  class space    used 2271K, capacity 2510K, committed 2560K, reserved 1048576K
}
Event: 9.343 GC heap after
{Heap after GC invocations=21 (full 0):
 garbage-first heap   total 157696K, used 46573K [0x0000000780000000, 0x0000000800000000)
  region size 1024K, 1 young (1024K), 1 survivors (1024K)
 Metaspace       used 20063K, capacity 20626K, committed 20736K, reserved 1067008K
  class space    used 2271K, capacity 2510K, committed 2560K, reserved 1048576K
}
Event: 9.692 GC heap before
{Heap before GC invocations=21 (full 0):
 garbage-first heap   total 157696K, used 137709K [0x0000000780000000, 0x0000000800000000)
  region size 1024K, 90 young (92160K), 1 survivors (1024K)
 Metaspace       used 20063K, capacity 20626K, committed 20736K, reserved 1067008K
  class space    used 2271K, capacity 2510K, committed 2560K, reserved 1048576K
}
Event: 9.693 GC heap after
{Heap after GC invocations=22 (full 0):
 garbage-first heap   total 157696K, used 46581K [0x0000000780000000, 0x0000000800000000)
  region size 1024K, 1 young (1024K), 1 survivors (1024K)
 Metaspace       used 20063K, capacity 20626K, committed 20736K, reserved 1067008K
  class space    used 2271K, capacity 2510K, committed 2560K, reserved 1048576K
}
Event: 11.046 GC heap before
{Heap before GC invocations=22 (full 0):
 garbage-first heap   total 157696K, used 137717K [0x0000000780000000, 0x0000000800000000)
  region size 1024K, 90 young (92160K), 1 survivors (1024K)
 Metaspace       used 20063K, capacity 20626K, committed 20736K, reserved 1067008K
  class space    used 2271K, capacity 2510K, committed 2560K, reserved 1048576K
}
Event: 11.047 GC heap after
{Heap after GC invocations=23 (full 0):
 garbage-first heap   total 157696K, used 46587K [0x0000000780000000, 0x0000000800000000)
  region size 1024K, 1 young (1024K), 1 survivors (1024K)
 Metaspace       used 20063K, capacity 20626K, committed 20736K, reserved 1067008K
  class space    used 2271K, capacity 2510K, committed 2560K, reserved 1048576K
}
Event: 15.379 GC heap before
{Heap before GC invocations=23 (full 0):
 garbage-first heap   total 157696K, used 131579K [0x0000000780000000, 0x0000000800000000)
  region size 1024K, 85 young (87040K), 1 survivors (1024K)
 Metaspace       used 20586K, capacity 21213K, committed 21296K, reserved 1069056K
  class space    used 2351K, capacity 2608K, committed 2608K, reserved 1048576K
}
Event: 15.380 GC heap after
{Heap after GC invocations=24 (full 0):
 garbage-first heap   total 157696K, used 46718K [0x0000000780000000, 0x0000000800000000)
  region size 1024K, 1 young (1024K), 1 survivors (1024K)
 Metaspace       used 20586K, capacity 21213K, committed 21296K, reserved 1069056K
  class space    used 2351K, capacity 2608K, committed 2608K, reserved 1048576K
}

